[92m2023-05-14 18:23:06.611 [Proto.main:25] INFO  - start
[m[97m2023-05-14 18:23:31.076 [Proto.main:48] TRACE - Input from user: loadgreat test/test8
[m[96m2023-05-14 18:23:31.077 [CommandHelper.runMethod:535] DEBUG - Kapott parancs: [loadgreat]
[m[96m2023-05-14 18:23:31.077 [CommandHelper.runMethod:536] DEBUG - Kapott argumentumok: [test/test8]
[m[92m2023-05-14 18:23:31.077 [CommandHelper.runMethod:538] INFO  - A loadgreat parancs futtatása...
[m[96m2023-05-14 18:23:31.077 [CommandHelper.loadgreat:119] DEBUG - Tesztfájl megadott elérési útja: test/test8
[m[96m2023-05-14 18:23:31.077 [CommandHelper.loadgreat:121] DEBUG - Tesztfájl átalakított elérési útja: test/test8.greatest
[m[92m2023-05-14 18:23:31.079 [CommandHelper.loadgreat:126] INFO  - Teszt futtatása...
[m[96m2023-05-14 18:23:31.081 [CommandHelper.runMethod:535] DEBUG - Kapott parancs: [logloc]
[m[96m2023-05-14 18:23:31.081 [CommandHelper.runMethod:536] DEBUG - Kapott argumentumok: [test/logs/test8.log]
[m[92m2023-05-14 18:23:31.081 [CommandHelper.runMethod:538] INFO  - A logloc parancs futtatása...
[m[96m2023-05-14 18:23:31.081 [CommandHelper.logloc:62] DEBUG - Kapott logfájlnév: "test/logs/test8.log"
[m[92m2023-05-14 18:23:31.094 [LogHelper.setTestLogging:56] INFO  - Logolás beállítva teszt szinten!
[m[92m2023-05-14 18:23:31.099 [Pipe.<init>:44] INFO  - SIKERES csőlétrehozás
[m[92m2023-05-14 18:23:31.099 [Cistern.<init>:35] INFO  - SIKERES ciszterna létrehozás
[m[92m2023-05-14 18:23:31.100 [Field.acceptCharacter:96] INFO  - SIKERES karakterléptetés
[m[96m2023-05-14 18:23:31.102 [Character.<init>:38] DEBUG - Character.actField = ID: model.fields.Cistern@3c77d488 Szomszédok száma: 0
[m[92m2023-05-14 18:23:31.102 [Plumber.<init>:34] INFO  - SIKERES - plumber sikeresen létrejött
[m[96m2023-05-14 18:23:31.103 [Pipe.connectTo:215] DEBUG - A cső csatlakoztatva lett: ID: model.fields.Cistern@3c77d488 Szomszédok száma: 0 -hez
[m[96m2023-05-14 18:23:31.103 [Pipe.connectTo:215] DEBUG - A cső csatlakoztatva lett: ID: model.fields.Cistern@3c77d488 Szomszédok száma: 0 -hez
[m[96m2023-05-14 18:23:31.103 [ActiveField.addNeighbourField:117] DEBUG - cső hozzáadva a szomszédjaihoz	neighbourFields-be bekerült a : ID: "model.fields.Pipe@2e385cce"
[m[96m2023-05-14 18:23:31.104 [ActiveField.addNeighbourField:117] DEBUG - cső hozzáadva a szomszédjaihoz	neighbourFields-be bekerült a : ID: "model.fields.Pipe@2e385cce"
[m[96m2023-05-14 18:23:31.104 [CommandHelper.runMethod:535] DEBUG - Kapott parancs: [pickupPump]
[m[96m2023-05-14 18:23:31.104 [CommandHelper.runMethod:536] DEBUG - Kapott argumentumok: []
[m[92m2023-05-14 18:23:31.104 [CommandHelper.runMethod:538] INFO  - A pickupPump parancs futtatása...
[m[92m2023-05-14 18:23:31.104 [Cistern.givePump:60] INFO  - SIKERES pumpa átadás
[m[92m2023-05-14 18:23:31.104 [Plumber.pickPump:82] INFO  - SIKERES - plumber sikeresen felvett egy pumpát
[m[96m2023-05-14 18:23:31.105 [Plumber.pickPump:83] DEBUG - Plumber.pump = ID: "model.fields.Pump@2ddc9a9f"
[m[96m2023-05-14 18:23:31.105 [CommandHelper.runMethod:535] DEBUG - Kapott parancs: [move]
[m[96m2023-05-14 18:23:31.105 [CommandHelper.runMethod:536] DEBUG - Kapott argumentumok: [0]
[m[92m2023-05-14 18:23:31.105 [CommandHelper.runMethod:538] INFO  - A move parancs futtatása...
[m[96m2023-05-14 18:23:31.105 [ActiveField.getNeighbours:127] DEBUG - szomszédok visszaadva
[m[92m2023-05-14 18:23:31.105 [Pipe.acceptCharacter:159] INFO  - SIKERES csőre lépés
[m[92m2023-05-14 18:23:31.105 [Field.removeCharacter:110] INFO  - SIKERES karaktereltávolítás
[m[92m2023-05-14 18:23:31.106 [Character.move:96] INFO  - SIKERES - karakter sikeresen új mezőre lépett
[m[96m2023-05-14 18:23:31.106 [Character.move:97] DEBUG - Character.actField = ID: "model.fields.Pipe@2e385cce"
[m[96m2023-05-14 18:23:31.106 [CommandHelper.runMethod:535] DEBUG - Kapott parancs: [nextplayer]
[m[96m2023-05-14 18:23:31.106 [CommandHelper.runMethod:536] DEBUG - Kapott argumentumok: []
[m[92m2023-05-14 18:23:31.106 [CommandHelper.runMethod:538] INFO  - A nextplayer parancs futtatása...
[m[96m2023-05-14 18:23:31.110 [Game.nextCharacter:160] DEBUG - Végzett játékos: [ID: "model.characters.Plumber@298a5e20" Pozíció: "ID: "model.fields.Pipe@2e385cce"" GlueTimer: "0" Pumpa: "ID: "model.fields.Pump@2ddc9a9f"" Pipe: "Null"]
[m[96m2023-05-14 18:23:31.110 [Character.elapseRound:63] DEBUG - Játékos körének vége: (glueTimer=0)
[m[96m2023-05-14 18:23:31.110 [Game.nextCharacter:167] DEBUG - 1. kör vége.
[m[96m2023-05-14 18:23:31.111 [Game.stepAllTwice:123] DEBUG - A [ID: model.fields.Cistern@3c77d488 Szomszédok száma: 1] léptetése.
[m[92m2023-05-14 18:23:31.111 [Pipe.<init>:44] INFO  - SIKERES csőlétrehozás
[m[96m2023-05-14 18:23:31.111 [Pipe.connectTo:215] DEBUG - A cső csatlakoztatva lett: ID: model.fields.Cistern@3c77d488 Szomszédok száma: 2 -hez
[m[96m2023-05-14 18:23:31.111 [Pipe.registerObserver:342] DEBUG - Cső observer beállítása
[m[92m2023-05-14 18:23:31.111 [Cistern.step:76] INFO  - SIKERES ciszterna léptetés
[m[96m2023-05-14 18:23:31.111 [Game.stepAllTwice:123] DEBUG - A [ID: model.fields.Cistern@3c77d488 Szomszédok száma: 2] léptetése.
[m[92m2023-05-14 18:23:31.111 [Pipe.<init>:44] INFO  - SIKERES csőlétrehozás
[m[96m2023-05-14 18:23:31.112 [Pipe.connectTo:215] DEBUG - A cső csatlakoztatva lett: ID: model.fields.Cistern@3c77d488 Szomszédok száma: 3 -hez
[m[96m2023-05-14 18:23:31.112 [Pipe.registerObserver:342] DEBUG - Cső observer beállítása
[m[92m2023-05-14 18:23:31.112 [Cistern.step:76] INFO  - SIKERES ciszterna léptetés
[m[96m2023-05-14 18:23:31.112 [Game.elapseRoundOnPipes:133] DEBUG - Kör vége jelzés a [ID: "model.fields.Pipe@1530c739"] elemen.
[m[96m2023-05-14 18:23:31.112 [Game.elapseRoundOnPipes:133] DEBUG - Kör vége jelzés a [ID: "model.fields.Pipe@5b1669c0"] elemen.
[m[96m2023-05-14 18:23:31.112 [Game.nextCharacter:176] DEBUG - 2. kör elkezdődik.
[m[96m2023-05-14 18:23:31.113 [Game.nextCharacter:178] DEBUG - Következő játékos: [ID: "model.characters.Plumber@298a5e20" Pozíció: "ID: "model.fields.Pipe@2e385cce"" GlueTimer: "0" Pumpa: "ID: "model.fields.Pump@2ddc9a9f"" Pipe: "Null"]
[m[96m2023-05-14 18:23:31.113 [CommandHelper.runMethod:535] DEBUG - Kapott parancs: [placedownPump]
[m[96m2023-05-14 18:23:31.113 [CommandHelper.runMethod:536] DEBUG - Kapott argumentumok: []
[m[92m2023-05-14 18:23:31.113 [CommandHelper.runMethod:538] INFO  - A placedownPump parancs futtatása...
[m[92m2023-05-14 18:23:31.113 [Pipe.<init>:44] INFO  - SIKERES csőlétrehozás
[m[92m2023-05-14 18:23:31.113 [Pipe.<init>:44] INFO  - SIKERES csőlétrehozás
[m[96m2023-05-14 18:23:31.113 [ActiveField.replacePipe:86] DEBUG - oldPipe indexe = 0
[m[92m2023-05-14 18:23:31.113 [ActiveField.replacePipe:88] INFO  - A "ID: "model.fields.Pipe@2e385cce"" cső sikeresen lecserélve "ID: "model.fields.Pipe@78e4deb0"" csőre!
[m[96m2023-05-14 18:23:31.113 [ActiveField.replacePipe:86] DEBUG - oldPipe indexe = -1
[m[91m2023-05-14 18:23:31.114 [CommandHelper.loadgreat:130] ERROR - Hiba a test futtatása közben!
java.lang.IndexOutOfBoundsException: Index -1 out of bounds for length 3
	at java.base/jdk.internal.util.Preconditions.outOfBounds(Preconditions.java:100)
	at java.base/jdk.internal.util.Preconditions.outOfBoundsCheckIndex(Preconditions.java:106)
	at java.base/jdk.internal.util.Preconditions.checkIndex(Preconditions.java:302)
	at java.base/java.util.Objects.checkIndex(Objects.java:359)
	at java.base/java.util.ArrayList.set(ArrayList.java:441)
	at model.fields.ActiveField.replacePipe(ActiveField.java:87)
	at model.fields.Pipe.placeDownPump(Pipe.java:94)
	at model.characters.Plumber.placePump(Plumber.java:104)
	at proto.CommandHelper.placedownPump(CommandHelper.java:381)
	at proto.CommandHelper.runMethod(CommandHelper.java:539)
	at test.Tester.gmcd(Tester.java:250)
	at test.Tester.runTest(Tester.java:107)
	at proto.CommandHelper.loadgreat(CommandHelper.java:128)
	at proto.CommandHelper.runMethod(CommandHelper.java:539)
	at proto.Proto.main(Proto.java:54)
[m